nohup: ignoring input
Seed set to 42
GPU available: True (cuda), used: True
TPU available: False, using: 0 TPU cores
IPU available: False, using: 0 IPUs
HPU available: False, using: 0 HPUs
wandb: Using wandb-core as the SDK backend.  Please refer to https://wandb.me/wandb-core for more information.
wandb: Currently logged in as: predict-woo to https://api.wandb.ai. Use `wandb login --relogin` to force relogin
wandb: Tracking run with wandb version 0.19.8
wandb: Run data is saved locally in ./wandb/run-20250603_173943-46itl1kt
wandb: Run `wandb offline` to turn off syncing.
wandb: Syncing run SF3D_V2
wandb: ⭐️ View project at https://wandb.ai/predict-woo/SceneFun3D-V2
wandb: 🚀 View run at https://wandb.ai/predict-woo/SceneFun3D-V2/runs/46itl1kt
LOCAL_RANK: 0 - CUDA_VISIBLE_DEVICES: [0]

  | Name              | Type              | Params
--------------------------------------------------------
0 | model             | CRIS              | 146 M 
1 | mask_loss_fn      | DiceBCELoss       | 0     
2 | point_map_loss_fn | BCEWithLogitsLoss | 0     
3 | coord_loss_fn     | L1Loss            | 0     
--------------------------------------------------------
146 M     Trainable params
0         Non-trainable params
146 M     Total params
584.227   Total estimated model params size (MB)
Found 1431 processable item samples.
Found 1431 processable item samples.
Found 26413 processable item samples.
Found 1431 processable item samples.
Found 1431 processable item samples.
Found 1431 processable item samples.
Found 1431 processable item samples.
Found 1431 processable item samples.
Found 1431 processable item samples.
Found 1431 processable item samples.
Found 1431 processable item samples.
Found 1431 processable item samples.
Found 1431 processable item samples.
Found 1431 processable item samples.
Found 1431 processable item samples.
Found 1431 processable item samples.
Found 1431 processable item samples.
Found 1431 processable item samples.
Found 1431 processable item samples.
